# JRE version: Java(TM) SE Runtime Environment (8.0_131-b11) (build 1.8.0_131-b11)
# Java VM: Java HotSpot(TM) 64-Bit Server VM (25.131-b11 mixed mode windows-amd64 compressed oops)
Heap:
 PSYoungGen      total 71680K, used 69165K [0x00000000d5e00000, 0x00000000da900000, 0x0000000100000000)
  eden space 66560K, 96% used [0x00000000d5e00000,0x00000000d9c8dc10,0x00000000d9f00000)
  from space 5120K, 99% used [0x00000000d9f00000,0x00000000da3fd970,0x00000000da400000)
  to   space 5120K, 0% used [0x00000000da400000,0x00000000da400000,0x00000000da900000)
 ParOldGen       total 71680K, used 50630K [0x0000000081a00000, 0x0000000086000000, 0x00000000d5e00000)
  object space 71680K, 70% used [0x0000000081a00000,0x0000000084b71a58,0x0000000086000000)
 Metaspace       used 29392K, capacity 29862K, committed 30080K, reserved 1075200K
  class space    used 3460K, capacity 3646K, committed 3712K, reserved 1048576K
GC Heap History (10 events):
Event: 5.098 GC heap before
{Heap before GC invocations=6 (full 1):
 PSYoungGen      total 71680K, used 5088K [0x00000000d5e00000, 0x00000000da900000, 0x0000000100000000)
  eden space 66560K, 0% used [0x00000000d5e00000,0x00000000d5e00000,0x00000000d9f00000)
  from space 5120K, 99% used [0x00000000d9f00000,0x00000000da3f8020,0x00000000da400000)
  to   space 5120K, 0% used [0x00000000da400000,0x00000000da400000,0x00000000da900000)
 ParOldGen       total 87552K, used 11665K [0x0000000081a00000, 0x0000000086f80000, 0x00000000d5e00000)
  object space 87552K, 13% used [0x0000000081a00000,0x0000000082564550,0x0000000086f80000)
 Metaspace       used 20687K, capacity 21102K, committed 21296K, reserved 1069056K
  class space    used 2500K, capacity 2645K, committed 2688K, reserved 1048576K
Event: 5.228 GC heap after
Heap after GC invocations=6 (full 1):
 PSYoungGen      total 71680K, used 0K [0x00000000d5e00000, 0x00000000da900000, 0x0000000100000000)
  eden space 66560K, 0% used [0x00000000d5e00000,0x00000000d5e00000,0x00000000d9f00000)
  from space 5120K, 0% used [0x00000000d9f00000,0x00000000d9f00000,0x00000000da400000)
  to   space 5120K, 0% used [0x00000000da400000,0x00000000da400000,0x00000000da900000)
 ParOldGen       total 71680K, used 11906K [0x0000000081a00000, 0x0000000086000000, 0x00000000d5e00000)
  object space 71680K, 16% used [0x0000000081a00000,0x00000000825a0a90,0x0000000086000000)
 Metaspace       used 20687K, capacity 21102K, committed 21296K, reserved 1069056K
  class space    used 2500K, capacity 2645K, committed 2688K, reserved 1048576K
}
Event: 7.619 GC heap before
{Heap before GC invocations=7 (full 1):
 PSYoungGen      total 71680K, used 66560K [0x00000000d5e00000, 0x00000000da900000, 0x0000000100000000)
  eden space 66560K, 100% used [0x00000000d5e00000,0x00000000d9f00000,0x00000000d9f00000)
  from space 5120K, 0% used [0x00000000d9f00000,0x00000000d9f00000,0x00000000da400000)
  to   space 5120K, 0% used [0x00000000da400000,0x00000000da400000,0x00000000da900000)
 ParOldGen       total 71680K, used 11906K [0x0000000081a00000, 0x0000000086000000, 0x00000000d5e00000)
  object space 71680K, 16% used [0x0000000081a00000,0x00000000825a0a90,0x0000000086000000)
 Metaspace       used 24395K, capacity 24926K, committed 25216K, reserved 1071104K
  class space    used 2921K, capacity 3111K, committed 3200K, reserved 1048576K
Event: 7.647 GC heap after
Heap after GC invocations=7 (full 1):
 PSYoungGen      total 71680K, used 5100K [0x00000000d5e00000, 0x00000000da900000, 0x0000000100000000)
  eden space 66560K, 0% used [0x00000000d5e00000,0x00000000d5e00000,0x00000000d9f00000)
  from space 5120K, 99% used [0x00000000da400000,0x00000000da8fb1a8,0x00000000da900000)
  to   space 5120K, 0% used [0x00000000d9f00000,0x00000000d9f00000,0x00000000da400000)
 ParOldGen       total 71680K, used 18907K [0x0000000081a00000, 0x0000000086000000, 0x00000000d5e00000)
  object space 71680K, 26% used [0x0000000081a00000,0x0000000082c76fd0,0x0000000086000000)
 Metaspace       used 24395K, capacity 24926K, committed 25216K, reserved 1071104K
  class space    used 2921K, capacity 3111K, committed 3200K, reserved 1048576K
}
Event: 8.973 GC heap before
{Heap before GC invocations=8 (full 1):
 PSYoungGen      total 71680K, used 71660K [0x00000000d5e00000, 0x00000000da900000, 0x0000000100000000)
  eden space 66560K, 100% used [0x00000000d5e00000,0x00000000d9f00000,0x00000000d9f00000)
  from space 5120K, 99% used [0x00000000da400000,0x00000000da8fb1a8,0x00000000da900000)
  to   space 5120K, 0% used [0x00000000d9f00000,0x00000000d9f00000,0x00000000da400000)
 ParOldGen       total 71680K, used 18907K [0x0000000081a00000, 0x0000000086000000, 0x00000000d5e00000)
  object space 71680K, 26% used [0x0000000081a00000,0x0000000082c76fd0,0x0000000086000000)
 Metaspace       used 29352K, capacity 29794K, committed 30080K, reserved 1075200K
  class space    used 3459K, capacity 3646K, committed 3712K, reserved 1048576K
Event: 8.995 GC heap after
Heap after GC invocations=8 (full 1):
 PSYoungGen      total 71680K, used 5100K [0x00000000d5e00000, 0x00000000da900000, 0x0000000100000000)
  eden space 66560K, 0% used [0x00000000d5e00000,0x00000000d5e00000,0x00000000d9f00000)
  from space 5120K, 99% used [0x00000000d9f00000,0x00000000da3fb1b8,0x00000000da400000)
  to   space 5120K, 0% used [0x00000000da400000,0x00000000da400000,0x00000000da900000)
 ParOldGen       total 71680K, used 30039K [0x0000000081a00000, 0x0000000086000000, 0x00000000d5e00000)
  object space 71680K, 41% used [0x0000000081a00000,0x0000000083755dd8,0x0000000086000000)
 Metaspace       used 29352K, capacity 29794K, committed 30080K, reserved 1075200K
  class space    used 3459K, capacity 3646K, committed 3712K, reserved 1048576K
}
Event: 9.325 GC heap before
{Heap before GC invocations=9 (full 1):
 PSYoungGen      total 71680K, used 71660K [0x00000000d5e00000, 0x00000000da900000, 0x0000000100000000)
  eden space 66560K, 100% used [0x00000000d5e00000,0x00000000d9f00000,0x00000000d9f00000)
  from space 5120K, 99% used [0x00000000d9f00000,0x00000000da3fb1b8,0x00000000da400000)
  to   space 5120K, 0% used [0x00000000da400000,0x00000000da400000,0x00000000da900000)
 ParOldGen       total 71680K, used 30039K [0x0000000081a00000, 0x0000000086000000, 0x00000000d5e00000)
  object space 71680K, 41% used [0x0000000081a00000,0x0000000083755dd8,0x0000000086000000)
 Metaspace       used 29384K, capacity 29862K, committed 30080K, reserved 1075200K
  class space    used 3460K, capacity 3646K, committed 3712K, reserved 1048576K
Event: 9.348 GC heap after
Heap after GC invocations=9 (full 1):
 PSYoungGen      total 71680K, used 5090K [0x00000000d5e00000, 0x00000000da900000, 0x0000000100000000)
  eden space 66560K, 0% used [0x00000000d5e00000,0x00000000d5e00000,0x00000000d9f00000)
  from space 5120K, 99% used [0x00000000da400000,0x00000000da8f8b68,0x00000000da900000)
  to   space 5120K, 0% used [0x00000000d9f00000,0x00000000d9f00000,0x00000000da400000)
 ParOldGen       total 71680K, used 40497K [0x0000000081a00000, 0x0000000086000000, 0x00000000d5e00000)
  object space 71680K, 56% used [0x0000000081a00000,0x000000008418c478,0x0000000086000000)
 Metaspace       used 29384K, capacity 29862K, committed 30080K, reserved 1075200K
  class space    used 3460K, capacity 3646K, committed 3712K, reserved 1048576K
}
Event: 9.663 GC heap before
{Heap before GC invocations=10 (full 1):
 PSYoungGen      total 71680K, used 71650K [0x00000000d5e00000, 0x00000000da900000, 0x0000000100000000)
  eden space 66560K, 100% used [0x00000000d5e00000,0x00000000d9f00000,0x00000000d9f00000)
  from space 5120K, 99% used [0x00000000da400000,0x00000000da8f8b68,0x00000000da900000)
  to   space 5120K, 0% used [0x00000000d9f00000,0x00000000d9f00000,0x00000000da400000)
 ParOldGen       total 71680K, used 40497K [0x0000000081a00000, 0x0000000086000000, 0x00000000d5e00000)
  object space 71680K, 56% used [0x0000000081a00000,0x000000008418c478,0x0000000086000000)
 Metaspace       used 29390K, capacity 29862K, committed 30080K, reserved 1075200K
  class space    used 3460K, capacity 3646K, committed 3712K, reserved 1048576K
Event: 9.685 GC heap after
Heap after GC invocations=10 (full 1):
 PSYoungGen      total 71680K, used 5110K [0x00000000d5e00000, 0x00000000da900000, 0x0000000100000000)
  eden space 66560K, 0% used [0x00000000d5e00000,0x00000000d5e00000,0x00000000d9f00000)
  from space 5120K, 99% used [0x00000000d9f00000,0x00000000da3fd970,0x00000000da400000)
  to   space 5120K, 0% used [0x00000000da400000,0x00000000da400000,0x00000000da900000)
 ParOldGen       total 71680K, used 50630K [0x0000000081a00000, 0x0000000086000000, 0x00000000d5e00000)
  object space 71680K, 70% used [0x0000000081a00000,0x0000000084b71a58,0x0000000086000000)
 Metaspace       used 29390K, capacity 29862K, committed 30080K, reserved 1075200K
  class space    used 3460K, capacity 3646K, committed 3712K, reserved 1048576K
}

